<?xml version="1.0" encoding="UTF-8"?>
<testng-results ignored="0" total="0" passed="0" failed="0" skipped="0">
  <reporter-output>
  </reporter-output>
  <suite started-at="2021-10-23T10:14:38 IST" name="Suite" finished-at="2021-10-23T10:14:38 IST" duration-ms="5">
    <groups>
    </groups>
    <test started-at="2021-10-23T10:14:38 IST" name="FlightBooking" finished-at="2021-10-23T10:14:38 IST" duration-ms="5">
      <class name="easemytrip_Testes.HomeTest">
        <test-method is-config="true" signature="initialize(java.lang.String)[pri:0, instance:easemytrip_Testes.HomeTest@7f1302d6]" started-at="2021-10-23T10:14:38 IST" name="initialize" finished-at="1970-01-01T05:30:00 IST" duration-ms="-1634964278023" status="FAIL">
          <exception class="org.testng.TestNGException">
            <message>
              <![CDATA[
Parameter 'browser' is required by BeforeSuite on method initialize but has not been marked @Optional or defined
in /Users/shreyassambare/eclipse-workspace/Easemytrip/TestNg.xml]]>
            </message>
            <full-stacktrace>
              <![CDATA[org.testng.TestNGException: 
Parameter 'browser' is required by BeforeSuite on method initialize but has not been marked @Optional or defined
in /Users/shreyassambare/eclipse-workspace/Easemytrip/TestNg.xml
at org.testng.internal.Parameters.createParams(Parameters.java:270)
at org.testng.internal.Parameters.createParametersForMethod(Parameters.java:358)
at org.testng.internal.Parameters.createParameters(Parameters.java:700)
at org.testng.internal.Parameters.createConfigurationParameters(Parameters.java:168)
at org.testng.internal.ConfigInvoker.invokeConfigurations(ConfigInvoker.java:302)
at org.testng.SuiteRunner.privateRun(SuiteRunner.java:317)
at org.testng.SuiteRunner.run(SuiteRunner.java:276)
at org.testng.SuiteRunnerWorker.runSuite(SuiteRunnerWorker.java:53)
at org.testng.SuiteRunnerWorker.run(SuiteRunnerWorker.java:96)
at org.testng.TestNG.runSuitesSequentially(TestNG.java:1212)
at org.testng.TestNG.runSuitesLocally(TestNG.java:1134)
at org.testng.TestNG.runSuites(TestNG.java:1063)
at org.testng.TestNG.run(TestNG.java:1031)
at org.testng.remote.AbstractRemoteTestNG.run(AbstractRemoteTestNG.java:115)
at org.testng.remote.RemoteTestNG.initAndRun(RemoteTestNG.java:251)
at org.testng.remote.RemoteTestNG.main(RemoteTestNG.java:77)
]]>
            </full-stacktrace>
          </exception> <!-- org.testng.TestNGException -->
          <reporter-output>
          </reporter-output>
        </test-method> <!-- initialize -->
        <test-method is-config="true" signature="TeardownTest()[pri:0, instance:easemytrip_Testes.HomeTest@7f1302d6]" started-at="2021-10-23T10:14:43 IST" name="TeardownTest" finished-at="1970-01-01T05:30:00 IST" duration-ms="-1634964283154" status="SKIP">
          <reporter-output>
          </reporter-output>
        </test-method> <!-- TeardownTest -->
      </class> <!-- easemytrip_Testes.HomeTest -->
    </test> <!-- FlightBooking -->
  </suite> <!-- Suite -->
</testng-results>
